1,1,0,0,1,0;1,0,1,1,1,1;1,0,1,0,0,1;1,1,0,1,0,0;1,0,1,1,1,1::3
1,1,0,0,0,0;1,0,1,0,1,0;1,1,1,1,0,0;1,1,1,0,1,0;1,1,1,0,1,1::0
0,0,0,1,1,0;0,0,1,1,1,0;0,0,1,1,1,1;0,1,1,1,0,1;1,0,1,1,0,1::0
1,1,1,0,1,1;1,0,0,1,0,1;1,0,1,1,1,1;1,1,0,0,1,0;1,1,0,1,0,1::2
1,0,1,0,0,1;1,0,1,0,1,1;1,0,1,1,1,0;1,1,1,0,0,1;1,1,0,0,1,1::0
1,0,0,0,1,0;1,0,1,0,1,0;1,0,0,0,1,1;1,0,0,0,1,1;1,0,0,1,1,0::1
1,0,1,1,1,1;1,1,1,1,1,0;1,0,0,1,1,0;1,0,1,1,1,1;1,0,1,0,0,0::0
0,1,1,0,0,0;0,1,1,1,1,0;0,0,1,1,0,1;1,0,0,1,0,0;0,1,1,0,1,1::0
1,0,1,1,0,1;1,1,1,1,1,1;1,1,0,1,1,1;1,0,1,1,1,0;1,0,0,1,1,0::0
1,1,1,1,0,1;1,0,0,1,1,1;0,1,1,1,1,0;0,0,1,1,1,0;0,1,0,1,1,1::2
0,1,0,1,1,1;0,0,0,1,1,1;0,0,1,1,1,0;1,1,0,1,1,0;1,1,0,1,0,1::3
---
1,1,0,0,1,0;1,0,1,1,1,1;1,0,1,0,0,1;1,1,0,1,0,0;1,0,1,1,1,1::3
1,0,1,1,0,1;1,1,1,1,1,1;1,1,0,1,1,1;1,0,1,1,1,0;1,0,0,1,1,0::0
0,1,0,1,1,1;0,0,0,1,1,1;0,0,1,1,1,0;1,1,0,1,1,0;1,1,0,1,0,1::3
0,1,0,1,0,1;1,1,0,1,1,0;0,0,1,1,1,1;1,1,0,0,1,0;0,0,0,0,1,1::2
1,0,0,0,1,0;1,0,1,0,1,0;1,0,0,0,1,1;1,0,0,0,1,1;1,0,0,1,1,0::1
1,0,1,1,1,1;1,1,1,1,1,0;1,0,0,1,1,0;1,0,1,1,1,1;1,0,1,0,0,0::0
0,0,0,1,1,0;0,0,1,1,1,0;0,0,1,1,1,1;0,1,1,1,0,1;1,0,1,1,0,1::0
1,1,1,1,0,1;1,0,0,1,1,1;0,1,1,1,1,0;0,0,1,1,1,0;0,1,0,1,1,1::2
1,1,0,0,0,0;1,0,1,0,1,0;1,1,1,1,0,0;1,1,1,0,1,0;1,1,1,0,1,1::0
1,0,1,0,0,1;1,0,1,0,1,1;1,0,1,1,1,0;1,1,1,0,0,1;1,1,0,0,1,1::0
1,1,1,0,1,1;1,0,0,1,0,1;1,0,1,1,1,1;1,1,0,0,1,0;1,1,0,1,0,1::2
---
G,F,!,U,&,|,->,X
---
7
---
|(G(&(x0,->(!(x1),U(!(x1),&(x2,!(x1)))))),G(&(x3,->(!(x4),U(!(x4),&(x5,!(x4)))))))