1,1,0;0,1,1;0,0,0;1,1,0;1,1,1;0,0,0;1,0,0;0,1,0;1,0,0;1,1,1::9
0,0,0;1,0,0;0,1,1;1,0,0;1,1,0;1,1,0;0,0,1;1,0,1;0,0,0;0,1,1::4
0,0,0;0,0,1;1,0,0;1,0,1;0,0,1;0,0,0;1,0,0;1,1,0;0,0,0;0,0,1::0
0,1,0;0,1,0;0,1,1;1,0,0;1,0,0;0,1,1;1,0,1;1,1,1;1,0,0;0,1,0::8
0,1,1;1,1,0;0,0,0;1,0,1;1,0,0;0,1,0;0,0,0;1,1,1;0,1,0;0,0,1::8
0,0,1;0,1,0;1,0,0;1,1,1;0,1,1;0,1,0;0,0,1;1,0,1;0,1,0;1,0,0::0
0,0,0;1,1,1;1,1,0;1,1,0;1,1,0;0,0,1;0,1,1;1,0,0;0,0,0;0,1,1::3
0,0,1;1,1,1;1,0,1;1,1,0;0,1,0;0,1,0;0,1,1;0,0,0;1,0,0;1,0,0::9
---
0,1,1;0,1,0;0,1,0;0,1,1;1,1,1;1,1,1;1,0,0;1,1,0;1,0,0;0,0,0::6
1,0,1;0,0,1;0,0,1;1,1,0;0,0,1;1,0,0;0,1,0;1,1,1;1,1,1;0,0,1::2
0,1,0;0,1,0;1,1,0;0,1,0;0,1,1;1,0,0;1,1,1;0,1,1;0,0,0;0,1,0::5
1,0,1;0,0,0;0,0,1;1,1,1;1,0,1;1,0,0;0,0,1;0,0,1;1,1,1;1,1,1::1
1,1,1;1,1,0;0,0,1;1,1,1;0,1,0;1,0,1;0,0,0;0,0,1;0,1,1;0,0,1::3
1,0,0;1,1,0;1,1,0;1,0,1;0,1,0;0,0,0;0,1,0;0,1,1;1,1,1;1,0,1::2
1,1,1;0,0,0;0,0,0;1,0,1;1,0,0;0,0,0;1,1,1;1,1,0;0,1,1;1,0,1::3
0,1,0;0,1,1;1,0,1;0,1,1;1,1,0;0,1,1;1,1,0;0,1,1;1,1,1;1,0,0::7
---
G,F,!,U,&,|,->,X
---
6
---
G(&(x0,->(!(x1),U(!(x1),&(x2,!(x1))))))