1,0,0;1,1,1;0,0,0;0,1,1;0,1,1;1,0,0;0,0,0;1,0,0;0,0,0;0,0,1::3
1,1,1;1,0,0;0,0,0;1,1,0;0,0,0;0,0,1;0,0,1;0,0,1;1,0,1;1,1,0::0
0,0,0;0,0,0;0,1,0;0,0,1;0,0,1;1,1,0;1,1,1;0,1,1;1,1,0;0,0,0::9
0,1,0;1,1,1;0,0,1;0,1,0;0,0,1;0,0,1;1,0,0;1,0,1;0,1,0;1,1,1::4
1,0,0;1,0,1;0,1,0;1,0,1;1,0,1;1,0,0;1,0,1;1,1,0;0,0,1;1,1,1::7
0,0,0;1,0,0;0,0,1;1,0,1;0,0,1;1,1,0;1,1,0;0,0,1;0,0,0;0,0,1::7
1,0,1;0,1,1;0,1,0;0,1,0;1,1,0;1,1,0;1,1,0;0,1,1;1,0,0;0,0,0::8
0,0,0;0,0,1;1,1,1;1,1,0;1,0,1;1,1,0;0,1,0;1,0,1;1,0,1;1,1,1::2
---
1,1,1;1,0,1;0,0,1;1,1,0;1,1,0;1,0,0;0,0,1;1,1,0;1,1,1;1,1,1::2
0,1,1;0,1,0;0,0,1;1,0,1;0,1,0;0,0,0;0,0,1;0,0,0;0,0,0;0,0,1::1
0,0,1;0,0,1;1,1,0;0,1,1;1,1,1;0,0,1;1,1,0;1,0,0;1,1,0;0,1,1::2
1,0,0;1,0,0;1,1,1;0,0,1;1,0,1;0,0,1;1,0,1;0,0,1;1,1,1;1,1,1::1
0,0,1;1,1,0;1,0,1;0,0,0;0,0,1;0,1,0;0,0,1;1,0,1;1,1,1;1,1,1::1
1,0,0;0,0,0;1,1,0;1,0,0;1,0,0;1,0,0;1,1,0;1,0,1;1,0,1;0,1,1::9
0,1,0;0,0,0;1,0,1;1,1,1;0,1,0;1,0,1;0,0,0;1,0,0;1,0,1;1,1,0::1
1,0,0;1,0,0;0,1,1;0,1,0;0,1,1;0,1,1;0,0,1;1,1,0;1,0,0;1,0,0::6
---
G,F,!,U,&,|,->,X
---
6
---
G(&(x0,->(!(x1),U(!(x1),&(x2,!(x1))))))